Arguments: 
  C:\Program Files\nodejs\node.exe C:\Users\EHSAN\AppData\Roaming\npm\node_modules\yarn\bin\yarn.js add @react-navigation/material-top-tabs react-native-tab-view

PATH: 
  C:\Program Files\Microsoft\jdk-11.0.12.7-hotspot\bin;C:\WINDOWS\system32;C:\WINDOWS;C:\WINDOWS\System32\Wbem;C:\WINDOWS\System32\WindowsPowerShell\v1.0\;C:\WINDOWS\System32\OpenSSH\;C:\Program Files\Microsoft SQL Server\150\Tools\Binn\;C:\Program Files\Microsoft SQL Server\Client SDK\ODBC\170\Tools\Binn\;C:\Program Files (x86)\Brackets\command;C:\Program Files\Git\cmd;C:\Program Files\nodejs\;C:\Users\EHSAN\AppData\Local\Programs\Python\Python39\Scripts\;C:\Users\EHSAN\AppData\Local\Programs\Python\Python39\;C:\Users\EHSAN\AppData\Local\Microsoft\WindowsApps;C:\Users\EHSAN\.dotnet\tools;C:\Users\EHSAN\AppData\Local\Programs\Microsoft VS Code\bin;C:\Users\EHSAN\AppData\Local\GitHubDesktop\bin;C:\Users\EHSAN\AppData\Roaming\npm;C:\flutter\bin;

Yarn version: 
  1.22.17

Node version: 
  16.13.1

Platform: 
  win32 x64

Trace: 
  Error: https://registry.yarnpkg.com/date-fns/-/date-fns-2.28.0.tgz: ESOCKETTIMEDOUT
      at ClientRequest.<anonymous> (C:\Users\EHSAN\AppData\Roaming\npm\node_modules\yarn\lib\cli.js:141510:19)
      at Object.onceWrapper (node:events:509:28)
      at ClientRequest.emit (node:events:390:28)
      at TLSSocket.emitRequestTimeout (node:_http_client:763:9)
      at Object.onceWrapper (node:events:509:28)
      at TLSSocket.emit (node:events:402:35)
      at TLSSocket.Socket._onTimeout (node:net:501:8)
      at listOnTimeout (node:internal/timers:557:17)
      at processTimers (node:internal/timers:500:7)

npm manifest: 
  {
    "name": "myproject",
    "version": "1.0.0",
    "main": "node_modules/expo/AppEntry.js",
    "scripts": {
      "start": "expo start",
      "android": "expo start --android",
      "ios": "expo start --ios",
      "web": "expo start --web",
      "eject": "expo eject"
    },
    "dependencies": {
      "@react-navigation/drawer": "^6.3.1",
      "@react-navigation/native": "^6.0.8",
      "@react-navigation/native-stack": "^6.5.0",
      "antd": "^4.18.7",
      "expo": "~44.0.0",
      "expo-checkbox": "~2.0.0",
      "expo-status-bar": "~1.2.0",
      "native-base": "^3.3.7",
      "react": "17.0.1",
      "react-dom": "17.0.1",
      "react-native": "0.64.3",
      "react-native-router-flux": "^4.3.1",
      "react-native-safe-area-context": "3.3.2",
      "react-native-screens": "~3.10.1",
      "react-native-svg": "12.1.1",
      "react-native-web": "0.17.1",
      "react-native-pager-view": "5.4.9"
    },
    "devDependencies": {
      "@babel/core": "^7.12.9"
    },
    "private": true
  }

yarn manifest: 
  No manifest

Lockfile: 
  No lockfile
